This is pdfTeX, Version 3.14159265-2.6-1.40.21 (MiKTeX 20.10) (preloaded format=pdflatex 2022.3.26)  22 APR 2022 23:21
entering extended mode
**c:/Users/abrah/OneDrive/Documents/Code/latex/L03_Lipa_Calabilla/Informe.tex
(c:/Users/abrah/OneDrive/Documents/Code/latex/L03_Lipa_Calabilla/Informe.tex
LaTeX2e <2020-10-01> patch level 1
L3 programming layer <2020-10-05> xparse <2020-03-03> ("C:\Program Files\MiKTeX\tex/latex/base\article.cls"
Document Class: article 2020/04/10 v1.4m Standard LaTeX document class
("C:\Program Files\MiKTeX\tex/latex/base\size12.clo"
File: size12.clo 2020/04/10 v1.4m Standard LaTeX file (size option)
)
\c@part=\count175
\c@section=\count176
\c@subsection=\count177
\c@subsubsection=\count178
\c@paragraph=\count179
\c@subparagraph=\count180
\c@figure=\count181
\c@table=\count182
\abovecaptionskip=\skip47
\belowcaptionskip=\skip48
\bibindent=\dimen138
) ("C:\Program Files\MiKTeX\tex/latex/base\inputenc.sty"
Package: inputenc 2020/08/01 v1.3d Input encoding file
\inpenc@prehook=\toks15
\inpenc@posthook=\toks16
) ("C:\Program Files\MiKTeX\tex/generic/babel\babel.sty"
Package: babel 2020/10/06 3.50 The Babel package
 ("C:\Program Files\MiKTeX\tex/generic/babel\babel.def"
File: babel.def 2020/10/06 3.50 Babel common definitions
\babel@savecnt=\count183
\U@D=\dimen139
\l@babelnohyphens=\language79
 ("C:\Program Files\MiKTeX\tex/generic/babel\txtbabel.def")
\bbl@readstream=\read2
)
\bbl@dirlevel=\count184

*************************************
* Local config file bblopts.cfg used
*
("C:\Program Files\MiKTeX\tex/latex/arabi\bblopts.cfg"
File: bblopts.cfg 2005/09/08 v0.1 add Arabic and Farsi to "declared" options of babel
) ("C:\Program Files\MiKTeX\tex/latex/babel-spanish\spanish.ldf"
Language: spanish.ldf 2021/05/27 v5.0q Spanish support from the babel system
\es@quottoks=\toks17
\es@quotdepth=\count185
Package babel Info: Making " an active character on input line 570.
Package babel Info: Making . an active character on input line 675.
Package babel Info: Making < an active character on input line 722.
Package babel Info: Making > an active character on input line 722.
)) ("C:\Program Files\MiKTeX\tex/latex/graphics\graphicx.sty"
Package: graphicx 2020/09/09 v1.2b Enhanced LaTeX Graphics (DPC,SPQR)
 ("C:\Program Files\MiKTeX\tex/latex/graphics\keyval.sty"
Package: keyval 2014/10/28 v1.15 key=value parser (DPC)
\KV@toks@=\toks18
) ("C:\Program Files\MiKTeX\tex/latex/graphics\graphics.sty"
Package: graphics 2020/08/30 v1.4c Standard LaTeX Graphics (DPC,SPQR)
 ("C:\Program Files\MiKTeX\tex/latex/graphics\trig.sty"
Package: trig 2016/01/03 v1.10 sin cos tan (DPC)
) ("C:\Program Files\MiKTeX\tex/latex/graphics-cfg\graphics.cfg"
File: graphics.cfg 2016/06/04 v1.11 sample graphics configuration
)
Package graphics Info: Driver file: pdftex.def on input line 105.
 ("C:\Program Files\MiKTeX\tex/latex/graphics-def\pdftex.def"
File: pdftex.def 2020/10/05 v1.2a Graphics/color driver for pdftex
))
\Gin@req@height=\dimen140
\Gin@req@width=\dimen141
) ("C:\Program Files\MiKTeX\tex/latex/hyperref\hyperref.sty"
Package: hyperref 2020-05-15 v7.00e Hypertext links for LaTeX
 ("C:\Program Files\MiKTeX\tex/generic/ltxcmds\ltxcmds.sty"
Package: ltxcmds 2020-05-10 v1.25 LaTeX kernel commands for general use (HO)
) ("C:\Program Files\MiKTeX\tex/generic/iftex\iftex.sty"
Package: iftex 2020/03/06 v1.0d TeX engine tests
) ("C:\Program Files\MiKTeX\tex/generic/pdftexcmds\pdftexcmds.sty"
Package: pdftexcmds 2020-06-27 v0.33 Utility functions of pdfTeX for LuaTeX (HO)
 ("C:\Program Files\MiKTeX\tex/generic/infwarerr\infwarerr.sty"
Package: infwarerr 2019/12/03 v1.5 Providing info/warning/error messages (HO)
)
Package pdftexcmds Info: \pdf@primitive is available.
Package pdftexcmds Info: \pdf@ifprimitive is available.
Package pdftexcmds Info: \pdfdraftmode found.
) ("C:\Program Files\MiKTeX\tex/generic/kvsetkeys\kvsetkeys.sty"
Package: kvsetkeys 2019/12/15 v1.18 Key value parser (HO)
) ("C:\Program Files\MiKTeX\tex/generic/kvdefinekeys\kvdefinekeys.sty"
Package: kvdefinekeys 2019-12-19 v1.6 Define keys (HO)
) ("C:\Program Files\MiKTeX\tex/generic/pdfescape\pdfescape.sty"
Package: pdfescape 2019/12/09 v1.15 Implements pdfTeX's escape features (HO)
) ("C:\Program Files\MiKTeX\tex/latex/hycolor\hycolor.sty"
Package: hycolor 2020-01-27 v1.10 Color options for hyperref/bookmark (HO)
) ("C:\Program Files\MiKTeX\tex/latex/letltxmacro\letltxmacro.sty"
Package: letltxmacro 2019/12/03 v1.6 Let assignment for LaTeX macros (HO)
) ("C:\Program Files\MiKTeX\tex/latex/auxhook\auxhook.sty"
Package: auxhook 2019-12-17 v1.6 Hooks for auxiliary files (HO)
) ("C:\Program Files\MiKTeX\tex/latex/kvoptions\kvoptions.sty"
Package: kvoptions 2020-10-07 v3.14 Key value format for package options (HO)
)
\@linkdim=\dimen142
\Hy@linkcounter=\count186
\Hy@pagecounter=\count187
 ("C:\Program Files\MiKTeX\tex/latex/hyperref\pd1enc.def"
File: pd1enc.def 2020-05-15 v7.00e Hyperref: PDFDocEncoding definition (HO)
Now handling font encoding PD1 ...
... no UTF-8 mapping file for font encoding PD1
) ("C:\Program Files\MiKTeX\tex/generic/intcalc\intcalc.sty"
Package: intcalc 2019/12/15 v1.3 Expandable calculations with integers (HO)
) ("C:\Program Files\MiKTeX\tex/generic/etexcmds\etexcmds.sty"
Package: etexcmds 2019/12/15 v1.7 Avoid name clashes with e-TeX commands (HO)
)
\Hy@SavedSpaceFactor=\count188
Package hyperref Info: Hyper figures OFF on input line 4464.
Package hyperref Info: Link nesting OFF on input line 4469.
Package hyperref Info: Hyper index ON on input line 4472.
Package hyperref Info: Plain pages OFF on input line 4479.
Package hyperref Info: Backreferencing OFF on input line 4484.
Package hyperref Info: Implicit mode ON; LaTeX internals redefined.
Package hyperref Info: Bookmarks ON on input line 4717.
\c@Hy@tempcnt=\count189
 ("C:\Program Files\MiKTeX\tex/latex/url\url.sty"
\Urlmuskip=\muskip16
Package: url 2013/09/16  ver 3.4  Verb mode for urls, etc.
)
LaTeX Info: Redefining \url on input line 5076.
\XeTeXLinkMargin=\dimen143
 ("C:\Program Files\MiKTeX\tex/generic/bitset\bitset.sty"
Package: bitset 2019/12/09 v1.3 Handle bit-vector datatype (HO)
 ("C:\Program Files\MiKTeX\tex/generic/bigintcalc\bigintcalc.sty"
Package: bigintcalc 2019/12/15 v1.5 Expandable calculations on big integers (HO)
))
\Fld@menulength=\count190
\Field@Width=\dimen144
\Fld@charsize=\dimen145
Package hyperref Info: Hyper figures OFF on input line 6347.
Package hyperref Info: Link nesting OFF on input line 6352.
Package hyperref Info: Hyper index ON on input line 6355.
Package hyperref Info: backreferencing OFF on input line 6362.
Package hyperref Info: Link coloring OFF on input line 6367.
Package hyperref Info: Link coloring with OCG OFF on input line 6372.
Package hyperref Info: PDF/A mode OFF on input line 6377.
LaTeX Info: Redefining \ref on input line 6417.
LaTeX Info: Redefining \pageref on input line 6421.
 ("C:\Program Files\MiKTeX\tex/latex/base\atbegshi-ltx.sty"
Package: atbegshi-ltx 2020/08/17 v1.0a Emulation of the original atbegshi package
with kernel methods
)
\Hy@abspage=\count191
\c@Item=\count192
\c@Hfootnote=\count193
)
Package hyperref Info: Driver (autodetected): hpdftex.
 ("C:\Program Files\MiKTeX\tex/latex/hyperref\hpdftex.def"
File: hpdftex.def 2020-05-15 v7.00e Hyperref driver for pdfTeX
 ("C:\Program Files\MiKTeX\tex/latex/base\atveryend-ltx.sty"
Package: atveryend-ltx 2020/08/19 v1.0a Emulation of the original atvery package
with kernel methods
)
\Fld@listcount=\count194
\c@bookmark@seq@number=\count195
 ("C:\Program Files\MiKTeX\tex/latex/rerunfilecheck\rerunfilecheck.sty"
Package: rerunfilecheck 2019/12/05 v1.9 Rerun checks for auxiliary files (HO)
 ("C:\Program Files\MiKTeX\tex/generic/uniquecounter\uniquecounter.sty"
Package: uniquecounter 2019/12/15 v1.4 Provide unlimited unique counter (HO)
)
Package uniquecounter Info: New unique counter `rerunfilecheck' on input line 286.
)
\Hy@SectionHShift=\skip49
) ("C:\Program Files\MiKTeX\tex/latex/geometry\geometry.sty"
Package: geometry 2020/01/02 v5.9 Page Geometry
 ("C:\Program Files\MiKTeX\tex/generic/iftex\ifvtex.sty"
Package: ifvtex 2019/10/25 v1.7 ifvtex legacy package. Use iftex instead.
)
\Gm@cnth=\count196
\Gm@cntv=\count197
\c@Gm@tempcnt=\count198
\Gm@bindingoffset=\dimen146
\Gm@wd@mp=\dimen147
\Gm@odd@mp=\dimen148
\Gm@even@mp=\dimen149
\Gm@layoutwidth=\dimen150
\Gm@layoutheight=\dimen151
\Gm@layouthoffset=\dimen152
\Gm@layoutvoffset=\dimen153
\Gm@dimlist=\toks19
 ("C:\Program Files\MiKTeX\tex/latex/geometry\geometry.cfg")) ("C:\Program Files\MiKTeX\tex/latex/float\float.sty"
Package: float 2001/11/08 v1.3d Float enhancements (AL)
\c@float@type=\count199
\float@exts=\toks20
\float@box=\box47
\@float@everytoks=\toks21
\@floatcapt=\box48
) ("C:\Program Files\MiKTeX\tex/latex/amsmath\amsmath.sty"
Package: amsmath 2020/09/23 v2.17i AMS math features
\@mathmargin=\skip50

For additional information on amsmath, use the `?' option.
("C:\Program Files\MiKTeX\tex/latex/amsmath\amstext.sty"
Package: amstext 2000/06/29 v2.01 AMS text
 ("C:\Program Files\MiKTeX\tex/latex/amsmath\amsgen.sty"
File: amsgen.sty 1999/11/30 v2.0 generic functions
\@emptytoks=\toks22
\ex@=\dimen154
)) ("C:\Program Files\MiKTeX\tex/latex/amsmath\amsbsy.sty"
Package: amsbsy 1999/11/29 v1.2d Bold Symbols
\pmbraise@=\dimen155
) ("C:\Program Files\MiKTeX\tex/latex/amsmath\amsopn.sty"
Package: amsopn 2016/03/08 v2.02 operator names
)
\inf@bad=\count266
LaTeX Info: Redefining \frac on input line 234.
\uproot@=\count267
\leftroot@=\count268
LaTeX Info: Redefining \overline on input line 399.
\classnum@=\count269
\DOTSCASE@=\count270
LaTeX Info: Redefining \ldots on input line 496.
LaTeX Info: Redefining \dots on input line 499.
LaTeX Info: Redefining \cdots on input line 620.
\Mathstrutbox@=\box49
\strutbox@=\box50
\big@size=\dimen156
LaTeX Font Info:    Redeclaring font encoding OML on input line 743.
LaTeX Font Info:    Redeclaring font encoding OMS on input line 744.
\macc@depth=\count271
\c@MaxMatrixCols=\count272
\dotsspace@=\muskip17
\c@parentequation=\count273
\dspbrk@lvl=\count274
\tag@help=\toks23
\row@=\count275
\column@=\count276
\maxfields@=\count277
\andhelp@=\toks24
\eqnshift@=\dimen157
\alignsep@=\dimen158
\tagshift@=\dimen159
\tagwidth@=\dimen160
\totwidth@=\dimen161
\lineht@=\dimen162
\@envbody=\toks25
\multlinegap=\skip51
\multlinetaggap=\skip52
\mathdisplay@stack=\toks26
LaTeX Info: Redefining \[ on input line 2923.
LaTeX Info: Redefining \] on input line 2924.
) ("C:\Program Files\MiKTeX\tex/latex/oberdiek\stackrel.sty"
Package: stackrel 2016/05/16 v1.3 Adding subscript option to stackrel (HO)
) ("C:\Program Files\MiKTeX\tex/latex/tools\multicol.sty"
Package: multicol 2019/12/09 v1.8y multicolumn formatting (FMi)
\c@tracingmulticols=\count278
\mult@box=\box51
\multicol@leftmargin=\dimen163
\c@unbalance=\count279
\c@collectmore=\count280
\doublecol@number=\count281
\multicoltolerance=\count282
\multicolpretolerance=\count283
\full@width=\dimen164
\page@free=\dimen165
\premulticols=\dimen166
\postmulticols=\dimen167
\multicolsep=\skip53
\multicolbaselineskip=\skip54
\partial@page=\box52
\last@line=\box53
\maxbalancingoverflow=\dimen168
\mult@rightbox=\box54
\mult@grightbox=\box55
\mult@gfirstbox=\box56
\mult@firstbox=\box57
\@tempa=\box58
\@tempa=\box59
\@tempa=\box60
\@tempa=\box61
\@tempa=\box62
\@tempa=\box63
\@tempa=\box64
\@tempa=\box65
\@tempa=\box66
\@tempa=\box67
\@tempa=\box68
\@tempa=\box69
\@tempa=\box70
\@tempa=\box71
\@tempa=\box72
\@tempa=\box73
\@tempa=\box74
\@tempa=\box75
\@tempa=\box76
\@tempa=\box77
\@tempa=\box78
\@tempa=\box79
\@tempa=\box80
\@tempa=\box81
\@tempa=\box82
\@tempa=\box83
\@tempa=\box84
\@tempa=\box85
\@tempa=\box86
\@tempa=\box87
\@tempa=\box88
\@tempa=\box89
\@tempa=\box90
\@tempa=\box91
\@tempa=\box92
\@tempa=\box93
\@tempa=\box94
\c@minrows=\count284
\c@columnbadness=\count285
\c@finalcolumnbadness=\count286
\last@try=\dimen169
\multicolovershoot=\dimen170
\multicolundershoot=\dimen171
\mult@nat@firstbox=\box95
\colbreak@box=\box96
\mc@col@check@num=\count287
) ("C:\Program Files\MiKTeX\tex/latex/multirow\multirow.sty"
Package: multirow 2021/03/15 v2.8 Span multiple rows of a table
\multirow@colwidth=\skip55
\multirow@cntb=\count288
\multirow@dima=\skip56
\bigstrutjot=\dimen172
) ("C:\Program Files\MiKTeX\tex/latex/fancyhdr\fancyhdr.sty"
Package: fancyhdr 2021/01/28 v4.0.1 Extensive control of page headers and footers
\f@nch@headwidth=\skip57
\f@nch@O@elh=\skip58
\f@nch@O@erh=\skip59
\f@nch@O@olh=\skip60
\f@nch@O@orh=\skip61
\f@nch@O@elf=\skip62
\f@nch@O@erf=\skip63
\f@nch@O@olf=\skip64
\f@nch@O@orf=\skip65
) ("C:\Program Files\MiKTeX\tex/latex/xcolor\xcolor.sty"
Package: xcolor 2016/05/11 v2.12 LaTeX color extensions (UK)
 ("C:\Program Files\MiKTeX\tex/latex/graphics-cfg\color.cfg"
File: color.cfg 2016/01/02 v1.6 sample color configuration
)
Package xcolor Info: Package option `usenames' ignored on input line 216.
Package xcolor Info: Driver file: pdftex.def on input line 225.
 ("C:\Program Files\MiKTeX\tex/latex/colortbl\colortbl.sty"
Package: colortbl 2020/01/04 v1.0e Color table columns (DPC)
 ("C:\Program Files\MiKTeX\tex/latex/tools\array.sty"
Package: array 2019/08/31 v2.4l Tabular extension package (FMi)
\col@sep=\dimen173
\ar@mcellbox=\box97
\extrarowheight=\dimen174
\NC@list=\toks27
\extratabsurround=\skip66
\backup@length=\skip67
\ar@cellbox=\box98
)
\everycr=\toks28
\minrowclearance=\skip68
)
\rownum=\count289
Package xcolor Info: Model `cmy' substituted by `cmy0' on input line 1348.
Package xcolor Info: Model `hsb' substituted by `rgb' on input line 1352.
Package xcolor Info: Model `RGB' extended on input line 1364.
Package xcolor Info: Model `HTML' substituted by `rgb' on input line 1366.
Package xcolor Info: Model `Hsb' substituted by `hsb' on input line 1367.
Package xcolor Info: Model `tHsb' substituted by `hsb' on input line 1368.
Package xcolor Info: Model `HSB' substituted by `hsb' on input line 1369.
Package xcolor Info: Model `Gray' substituted by `gray' on input line 1370.
Package xcolor Info: Model `wave' substituted by `hsb' on input line 1371.
 ("C:\Program Files\MiKTeX\tex/latex/graphics\dvipsnam.def"
File: dvipsnam.def 2016/06/17 v3.0m Driver-dependent file (DPC,SPQR)
) ("C:\Program Files\MiKTeX\tex/latex/xcolor\svgnam.def"
File: svgnam.def 2016/05/11 v2.12 Predefined colors according to SVG 1.1 (UK)
)) ("C:\Program Files\MiKTeX\tex/latex/ragged2e\ragged2e.sty"
Package: ragged2e 2019/07/28 v2.2 ragged2e Package (MS)


LaTeX Warning: Command \@arrayparboxrestore  has changed.
               Check if current package is valid.

("C:\Program Files\MiKTeX\tex/latex/ms\everysel.sty"
Package: everysel 2011/10/28 v1.2 EverySelectfont Package (MS)
) ("C:\Program Files\MiKTeX\tex/latex/footmisc\footmisc.sty"
Package: footmisc 2022/03/08 v6.0d a miscellany of footnote facilities
\FN@temptoken=\toks29
\footnotemargin=\dimen175
\@outputbox@depth=\dimen176

LaTeX3 Info: Defining command \DefineFNsymbols with sig. 'smO{text}m' on line
(LaTeX3)     633.


LaTeX3 Info: Defining command \DefineFNsymbolsTM with sig. 'smm' on line 659.

Package footmisc Info: Declaring symbol style bringhurst on input line 695.
Package footmisc Info: Declaring symbol style chicago on input line 703.
Package footmisc Info: Declaring symbol style wiley on input line 712.
Package footmisc Info: Declaring symbol style lamport-robust on input line 723.
Package footmisc Info: Declaring symbol style lamport* on input line 743.
Package footmisc Info: Declaring symbol style lamport*-robust on input line 764.
)
\CenteringLeftskip=\skip69
\RaggedLeftLeftskip=\skip70
\RaggedRightLeftskip=\skip71
\CenteringRightskip=\skip72
\RaggedLeftRightskip=\skip73
\RaggedRightRightskip=\skip74
\CenteringParfillskip=\skip75
\RaggedLeftParfillskip=\skip76
\RaggedRightParfillskip=\skip77
\JustifyingParfillskip=\skip78
\CenteringParindent=\skip79
\RaggedLeftParindent=\skip80
\RaggedRightParindent=\skip81
\JustifyingParindent=\skip82
) ("C:\Program Files\MiKTeX\tex/latex/tools\enumerate.sty"
Package: enumerate 2015/07/23 v3.00 enumerate extensions (DPC)
\@enLab=\toks30
) ("C:\Program Files\MiKTeX\tex/latex/psnfss\helvet.sty"
Package: helvet 2020/03/25 PSNFSS-v9.3 (WaS) 
)
LaTeX Font Info:    Trying to load font information for OT1+phv on input line 35.
 ("C:\Program Files\MiKTeX\tex/latex/psnfss\ot1phv.fd"
File: ot1phv.fd 2020/03/25 scalable font definitions for OT1/phv.
) ("C:\Program Files\MiKTeX\tex/latex/l3backend\l3backend-pdftex.def"
File: l3backend-pdftex.def 2020-09-24 L3 backend support: PDF output (pdfTeX)
\l__kernel_color_stack_int=\count290
\l__pdf_internal_box=\box99
) (c:\Users\abrah\OneDrive\Documents\Code\latex\L03_Lipa_Calabilla\build\Informe.aux
LaTeX Info: Redefining \. on input line 25.
LaTeX Info: Redefining \% on input line 25.
 (c:\Users\abrah\OneDrive\Documents\Code\latex\L03_Lipa_Calabilla\build\Secciones/articulo.aux))
\openout1 = `Informe.aux'.

LaTeX Font Info:    Checking defaults for OML/cmm/m/it on input line 35.
LaTeX Font Info:    ... okay on input line 35.
LaTeX Font Info:    Checking defaults for OMS/cmsy/m/n on input line 35.
LaTeX Font Info:    ... okay on input line 35.
LaTeX Font Info:    Checking defaults for OT1/cmr/m/n on input line 35.
LaTeX Font Info:    ... okay on input line 35.
LaTeX Font Info:    Checking defaults for T1/cmr/m/n on input line 35.
LaTeX Font Info:    ... okay on input line 35.
LaTeX Font Info:    Checking defaults for TS1/cmr/m/n on input line 35.
LaTeX Font Info:    ... okay on input line 35.
LaTeX Font Info:    Checking defaults for OMX/cmex/m/n on input line 35.
LaTeX Font Info:    ... okay on input line 35.
LaTeX Font Info:    Checking defaults for U/cmr/m/n on input line 35.
LaTeX Font Info:    ... okay on input line 35.
LaTeX Font Info:    Checking defaults for PD1/pdf/m/n on input line 35.
LaTeX Font Info:    ... okay on input line 35.
LaTeX Info: Redefining \. on input line 35.
LaTeX Info: Redefining \% on input line 35.
 ("C:\Program Files\MiKTeX\tex/context/base/mkii\supp-pdf.mkii"
[Loading MPS to PDF converter (version 2006.09.02).]
\scratchcounter=\count291
\scratchdimen=\dimen177
\scratchbox=\box100
\nofMPsegments=\count292
\nofMParguments=\count293
\everyMPshowfont=\toks31
\MPscratchCnt=\count294
\MPscratchDim=\dimen178
\MPnumerator=\count295
\makeMPintoPDFobject=\count296
\everyMPtoPDFconversion=\toks32
) ("C:\Program Files\MiKTeX\tex/latex/epstopdf-pkg\epstopdf-base.sty"
Package: epstopdf-base 2020-01-24 v2.11 Base part for package epstopdf
Package epstopdf-base Info: Redefining graphics rule for `.eps' on input line 485.
)
Package hyperref Info: Link coloring OFF on input line 35.
 ("C:\Program Files\MiKTeX\tex/latex/hyperref\nameref.sty"
Package: nameref 2019/09/16 v2.46 Cross-referencing by name of section
 ("C:\Program Files\MiKTeX\tex/latex/refcount\refcount.sty"
Package: refcount 2019/12/15 v3.6 Data extraction from label references (HO)
) ("C:\Program Files\MiKTeX\tex/generic/gettitlestring\gettitlestring.sty"
Package: gettitlestring 2019/12/15 v1.6 Cleanup title references (HO)
)
\c@section@level=\count297
)
LaTeX Info: Redefining \ref on input line 35.
LaTeX Info: Redefining \pageref on input line 35.
LaTeX Info: Redefining \nameref on input line 35.
 (c:\Users\abrah\OneDrive\Documents\Code\latex\L03_Lipa_Calabilla\build\Informe.out) (c:\Users\abrah\OneDrive\Documents\Code\latex\L03_Lipa_Calabilla\build\Informe.out)
\@outlinefile=\write3
\openout3 = `Informe.out'.


*geometry* driver: auto-detecting
*geometry* detected driver: pdftex
*geometry* verbose mode - [ preamble ] result:
* driver: pdftex
* paper: letterpaper
* layout: <same size as paper>
* layoutoffset:(h,v)=(0.0pt,0.0pt)
* modes: 
* h-part:(L,W,R)=(56.9055pt, 500.484pt, 56.9055pt)
* v-part:(T,H,B)=(71.13188pt, 666.9326pt, 56.9055pt)
* \paperwidth=614.295pt
* \paperheight=794.96999pt
* \textwidth=500.484pt
* \textheight=666.9326pt
* \oddsidemargin=-15.36449pt
* \evensidemargin=-15.36449pt
* \topmargin=-38.1381pt
* \headheight=12.0pt
* \headsep=25.0pt
* \topskip=12.0pt
* \footskip=30.0pt
* \marginparwidth=44.0pt
* \marginparsep=10.0pt
* \columnsep=10.0pt
* \skip\footins=10.8pt plus 4.0pt minus 2.0pt
* \hoffset=0.0pt
* \voffset=0.0pt
* \mag=1000
* \@twocolumnfalse
* \@twosidefalse
* \@mparswitchfalse
* \@reversemarginfalse
* (1in=72.27pt=25.4mm, 1cm=28.453pt)

Package ragged2e Info: ABD: executing \RaggedRight on input line 35.
ABD: EverySelectfont initializing macros
LaTeX Info: Redefining \selectfont on input line 35.
<./img/logo.png, id=55, 70.6275pt x 95.265pt>
File: ./img/logo.png Graphic file (type png)
<use ./img/logo.png>
Package pdftex.def Info: ./img/logo.png  used on input line 40.
(pdftex.def)             Requested size: 99.58464pt x 134.32655pt.
 [1

{C:/Users/abrah/AppData/Local/MiKTeX/pdftex/config/pdftex.map} <./img/logo.png>]
\openout2 = `Secciones/articulo.aux'.


No file Secciones/articulo.tex.
(c:\Users\abrah\OneDrive\Documents\Code\latex\L03_Lipa_Calabilla\build\Informe.toc
LaTeX Info: Redefining \. on input line 1.
LaTeX Info: Redefining \% on input line 1.
)
\tf@toc=\write4
\openout4 = `Informe.toc'.

File: ./img/logo.png Graphic file (type png)
<use ./img/logo.png>
Package pdftex.def Info: ./img/logo.png  used on input line 97.
(pdftex.def)             Requested size: 28.45274pt x 38.37714pt.


Package fancyhdr Warning: \headheight is too small (12.0pt): 
(fancyhdr)                Make it at least 24.54048pt, for example:
(fancyhdr)                \setlength{\headheight}{24.54048pt}.
(fancyhdr)                You might also make \topmargin smaller to compensate:
(fancyhdr)                \addtolength{\topmargin}{-12.54048pt}.

pdfTeX warning (ext4): destination with the same identifier (name{page.1}) has been already used, duplicate ignored
<to be read again> 
                   \relax 
l.97     \newpage
                  [1



]
File: ./img/logo.png Graphic file (type png)
<use ./img/logo.png>
Package pdftex.def Info: ./img/logo.png  used on input line 137.
(pdftex.def)             Requested size: 28.45274pt x 38.37714pt.


Package fancyhdr Warning: \headheight is too small (12.0pt): 
(fancyhdr)                Make it at least 24.54048pt, for example:
(fancyhdr)                \setlength{\headheight}{24.54048pt}.
(fancyhdr)                You might also make \topmargin smaller to compensate:
(fancyhdr)                \addtolength{\topmargin}{-12.54048pt}.

[2]
Overfull \hbox (3.64024pt too wide) in paragraph at lines 144--145
[]\OT1/phv/m/n/12 En el men[]u Ar-chi-vo \OT1/phv/b/n/12 (Fi-le)\OT1/phv/m/n/12 , en el sub-me-nu Abrir \OT1/phv/b/n/12 (Open)\OT1/phv/m/n/12 , ha-cer click en \OT1/phv/b/n/12 Pro-ject/Solution\OT1/phv/m/n/12 ,
 []

<./img/img3.png, id=88, 362.85562pt x 275.52937pt>
File: ./img/img3.png Graphic file (type png)
<use ./img/img3.png>
Package pdftex.def Info: ./img/img3.png  used on input line 147.
(pdftex.def)             Requested size: 227.62204pt x 172.84447pt.
<./img/img5.png, id=89, 838.332pt x 307.74976pt>
File: ./img/img5.png Graphic file (type png)
<use ./img/img5.png>
Package pdftex.def Info: ./img/img5.png  used on input line 152.
(pdftex.def)             Requested size: 369.88582pt x 135.78596pt.
<./img/img6.png, id=90, 447.92343pt x 497.60907pt>
File: ./img/img6.png Graphic file (type png)
<use ./img/img6.png>
Package pdftex.def Info: ./img/img6.png  used on input line 156.
(pdftex.def)             Requested size: 227.62204pt x 252.86612pt.
File: ./img/logo.png Graphic file (type png)
<use ./img/logo.png>
Package pdftex.def Info: ./img/logo.png  used on input line 157.
(pdftex.def)             Requested size: 28.45274pt x 38.37714pt.

Package fancyhdr Warning: \headheight is too small (12.0pt): 
(fancyhdr)                Make it at least 24.54048pt, for example:
(fancyhdr)                \setlength{\headheight}{24.54048pt}.
(fancyhdr)                You might also make \topmargin smaller to compensate:
(fancyhdr)                \addtolength{\topmargin}{-12.54048pt}.

[3 <./img/img3.png> <./img/img5.png>]
<./img/img9.png, id=103, 606.76688pt x 473.51906pt>
File: ./img/img9.png Graphic file (type png)
<use ./img/img9.png>
Package pdftex.def Info: ./img/img9.png  used on input line 162.
(pdftex.def)             Requested size: 227.62204pt x 177.63423pt.
<./img/img12.png, id=104, 611.28375pt x 473.51906pt>
File: ./img/img12.png Graphic file (type png)
<use ./img/img12.png>
Package pdftex.def Info: ./img/img12.png  used on input line 168.
(pdftex.def)             Requested size: 369.88582pt x 286.51964pt.
File: ./img/logo.png Graphic file (type png)
<use ./img/logo.png>
Package pdftex.def Info: ./img/logo.png  used on input line 169.
(pdftex.def)             Requested size: 28.45274pt x 38.37714pt.


Package fancyhdr Warning: \headheight is too small (12.0pt): 
(fancyhdr)                Make it at least 24.54048pt, for example:
(fancyhdr)                \setlength{\headheight}{24.54048pt}.
(fancyhdr)                You might also make \topmargin smaller to compensate:
(fancyhdr)                \addtolength{\topmargin}{-12.54048pt}.

[4 <./img/img6.png> <./img/img9.png>]
<./img/img16.png, id=117, 244.66406pt x 658.71094pt>
File: ./img/img16.png Graphic file (type png)
<use ./img/img16.png>
Package pdftex.def Info: ./img/img16.png  used on input line 178.
(pdftex.def)             Requested size: 142.26378pt x 383.02756pt.
File: ./img/logo.png Graphic file (type png)
<use ./img/logo.png>
Package pdftex.def Info: ./img/logo.png  used on input line 179.
(pdftex.def)             Requested size: 28.45274pt x 38.37714pt.


Package fancyhdr Warning: \headheight is too small (12.0pt): 
(fancyhdr)                Make it at least 24.54048pt, for example:
(fancyhdr)                \setlength{\headheight}{24.54048pt}.
(fancyhdr)                You might also make \topmargin smaller to compensate:
(fancyhdr)                \addtolength{\topmargin}{-12.54048pt}.

[5 <./img/img12.png>]
<./img/img17.png, id=127, 197.98969pt x 264.23718pt>
File: ./img/img17.png Graphic file (type png)
<use ./img/img17.png>
Package pdftex.def Info: ./img/img17.png  used on input line 182.
(pdftex.def)             Requested size: 142.26378pt x 189.86758pt.
<./img/img19.png, id=128, 251.43938pt x 371.88937pt>
File: ./img/img19.png Graphic file (type png)
<use ./img/img19.png>
Package pdftex.def Info: ./img/img19.png  used on input line 187.
(pdftex.def)             Requested size: 170.71652pt x 252.49554pt.
File: ./img/logo.png Graphic file (type png)
<use ./img/logo.png>
Package pdftex.def Info: ./img/logo.png  used on input line 188.
(pdftex.def)             Requested size: 28.45274pt x 38.37714pt.


Package fancyhdr Warning: \headheight is too small (12.0pt): 
(fancyhdr)                Make it at least 24.54048pt, for example:
(fancyhdr)                \setlength{\headheight}{24.54048pt}.
(fancyhdr)                You might also make \topmargin smaller to compensate:
(fancyhdr)                \addtolength{\topmargin}{-12.54048pt}.

[6 <./img/img16.png> <./img/img17.png>]
<./img/img23.png, id=138, 235.63031pt x 360.59718pt>
File: ./img/img23.png Graphic file (type png)
<use ./img/img23.png>
Package pdftex.def Info: ./img/img23.png  used on input line 194.
(pdftex.def)             Requested size: 170.71652pt x 261.25844pt.
File: ./img/logo.png Graphic file (type png)
<use ./img/logo.png>
Package pdftex.def Info: ./img/logo.png  used on input line 197.
(pdftex.def)             Requested size: 28.45274pt x 38.37714pt.


Package fancyhdr Warning: \headheight is too small (12.0pt): 
(fancyhdr)                Make it at least 24.54048pt, for example:
(fancyhdr)                \setlength{\headheight}{24.54048pt}.
(fancyhdr)                You might also make \topmargin smaller to compensate:
(fancyhdr)                \addtolength{\topmargin}{-12.54048pt}.

[7 <./img/img19.png> <./img/img23.png>]
<./img/img25.png, id=150, 226.59656pt x 211.54031pt>
File: ./img/img25.png Graphic file (type png)
<use ./img/img25.png>
Package pdftex.def Info: ./img/img25.png  used on input line 199.
(pdftex.def)             Requested size: 170.71652pt x 159.37463pt.
<./img/img27.png, id=151, 358.33875pt x 236.38312pt>
File: ./img/img27.png Graphic file (type png)
<use ./img/img27.png>
Package pdftex.def Info: ./img/img27.png  used on input line 204.
(pdftex.def)             Requested size: 170.71652pt x 112.61497pt.
<./img/img29.png, id=152, 427.5975pt x 252.19218pt>
File: ./img/img29.png Graphic file (type png)
<use ./img/img29.png>
Package pdftex.def Info: ./img/img29.png  used on input line 209.
(pdftex.def)             Requested size: 170.71652pt x 100.68652pt.
<./img/img31.png, id=153, 505.13719pt x 236.38312pt>
File: ./img/img31.png Graphic file (type png)
<use ./img/img31.png>
Package pdftex.def Info: ./img/img31.png  used on input line 214.
(pdftex.def)             Requested size: 170.71652pt x 79.88947pt.
File: ./img/logo.png Graphic file (type png)
<use ./img/logo.png>
Package pdftex.def Info: ./img/logo.png  used on input line 215.
(pdftex.def)             Requested size: 28.45274pt x 38.37714pt.


Package fancyhdr Warning: \headheight is too small (12.0pt): 
(fancyhdr)                Make it at least 24.54048pt, for example:
(fancyhdr)                \setlength{\headheight}{24.54048pt}.
(fancyhdr)                You might also make \topmargin smaller to compensate:
(fancyhdr)                \addtolength{\topmargin}{-12.54048pt}.

[8 <./img/img25.png> <./img/img27.png> <./img/img29.png>]
<./img/img33.png, id=169, 566.86781pt x 274.77657pt>
File: ./img/img33.png Graphic file (type png)
<use ./img/img33.png>
Package pdftex.def Info: ./img/img33.png  used on input line 219.
(pdftex.def)             Requested size: 170.71652pt x 82.74805pt.
<./img/img34.png, id=170, 954.56625pt x 176.15813pt>
File: ./img/img34.png Graphic file (type png)
<use ./img/img34.png>
Package pdftex.def Info: ./img/img34.png  used on input line 224.
(pdftex.def)             Requested size: 369.88582pt x 68.25787pt.
<./img/img36.png, id=171, 290.58563pt x 359.09157pt>
File: ./img/img36.png Graphic file (type png)
<use ./img/img36.png>
Package pdftex.def Info: ./img/img36.png  used on input line 229.
(pdftex.def)             Requested size: 142.26378pt x 175.80298pt.
File: ./img/logo.png Graphic file (type png)
<use ./img/logo.png>
Package pdftex.def Info: ./img/logo.png  used on input line 233.
(pdftex.def)             Requested size: 28.45274pt x 38.37714pt.


Package fancyhdr Warning: \headheight is too small (12.0pt): 
(fancyhdr)                Make it at least 24.54048pt, for example:
(fancyhdr)                \setlength{\headheight}{24.54048pt}.
(fancyhdr)                You might also make \topmargin smaller to compensate:
(fancyhdr)                \addtolength{\topmargin}{-12.54048pt}.

[9 <./img/img31.png> <./img/img33.png> <./img/img34.png> <./img/img36.png>]
<./img/img38.png, id=185, 233.37187pt x 354.57469pt>
File: ./img/img38.png Graphic file (type png)
<use ./img/img38.png>
Package pdftex.def Info: ./img/img38.png  used on input line 234.
(pdftex.def)             Requested size: 142.26378pt x 216.15498pt.
<./img/img40.png, id=186, 225.09094pt x 360.59718pt>
File: ./img/img40.png Graphic file (type png)
<use ./img/img40.png>
Package pdftex.def Info: ./img/img40.png  used on input line 239.
(pdftex.def)             Requested size: 170.71652pt x 273.50098pt.
File: ./img/logo.png Graphic file (type png)
<use ./img/logo.png>
Package pdftex.def Info: ./img/logo.png  used on input line 243.
(pdftex.def)             Requested size: 28.45274pt x 38.37714pt.


Package fancyhdr Warning: \headheight is too small (12.0pt): 
(fancyhdr)                Make it at least 24.54048pt, for example:
(fancyhdr)                \setlength{\headheight}{24.54048pt}.
(fancyhdr)                You might also make \topmargin smaller to compensate:
(fancyhdr)                \addtolength{\topmargin}{-12.54048pt}.

[10 <./img/img38.png> <./img/img40.png>]
<./img/img43.png, id=198, 779.91376pt x 152.82094pt>
File: ./img/img43.png Graphic file (type png)
<use ./img/img43.png>
Package pdftex.def Info: ./img/img43.png  used on input line 246.
(pdftex.def)             Requested size: 369.88582pt x 72.47643pt.
LaTeX Font Info:    Trying to load font information for TS1+phv on input line 249.
 ("C:\Program Files\MiKTeX\tex/latex/psnfss\ts1phv.fd"
File: ts1phv.fd 2020/03/25 scalable font definitions for TS1/phv.
)
<./img/img45.png, id=199, 1081.79156pt x 159.59625pt>
File: ./img/img45.png Graphic file (type png)
<use ./img/img45.png>
Package pdftex.def Info: ./img/img45.png  used on input line 251.
(pdftex.def)             Requested size: 369.88582pt x 54.56883pt.
<./img/img46.png, id=200, 631.60968pt x 152.06813pt>
File: ./img/img46.png Graphic file (type png)
<use ./img/img46.png>
Package pdftex.def Info: ./img/img46.png  used on input line 256.
(pdftex.def)             Requested size: 369.88582pt x 89.05579pt.
<./img/img50.png, id=201, 385.44pt x 137.7647pt>
File: ./img/img50.png Graphic file (type png)
<use ./img/img50.png>
Package pdftex.def Info: ./img/img50.png  used on input line 266.
(pdftex.def)             Requested size: 369.88582pt x 132.20424pt.
File: ./img/logo.png Graphic file (type png)
<use ./img/logo.png>
Package pdftex.def Info: ./img/logo.png  used on input line 267.
(pdftex.def)             Requested size: 28.45274pt x 38.37714pt.


Package fancyhdr Warning: \headheight is too small (12.0pt): 
(fancyhdr)                Make it at least 24.54048pt, for example:
(fancyhdr)                \setlength{\headheight}{24.54048pt}.
(fancyhdr)                You might also make \topmargin smaller to compensate:
(fancyhdr)                \addtolength{\topmargin}{-12.54048pt}.

[11 <./img/img43.png> <./img/img45.png> <./img/img46.png>]
<./img/img51.png, id=218, 662.475pt x 526.21594pt>
File: ./img/img51.png Graphic file (type png)
<use ./img/img51.png>
Package pdftex.def Info: ./img/img51.png  used on input line 270.
(pdftex.def)             Requested size: 369.88582pt x 293.80371pt.
<./img/img52.png, id=219, 662.475pt x 523.9575pt>
File: ./img/img52.png Graphic file (type png)
<use ./img/img52.png>
Package pdftex.def Info: ./img/img52.png  used on input line 274.
(pdftex.def)             Requested size: 369.88582pt x 292.54276pt.
File: ./img/logo.png Graphic file (type png)
<use ./img/logo.png>
Package pdftex.def Info: ./img/logo.png  used on input line 275.
(pdftex.def)             Requested size: 28.45274pt x 38.37714pt.


Package fancyhdr Warning: \headheight is too small (12.0pt): 
(fancyhdr)                Make it at least 24.54048pt, for example:
(fancyhdr)                \setlength{\headheight}{24.54048pt}.
(fancyhdr)                You might also make \topmargin smaller to compensate:
(fancyhdr)                \addtolength{\topmargin}{-12.54048pt}.

[12 <./img/img50.png> <./img/img51.png>]
<./img/img53.png, id=229, 270.25969pt x 420.82219pt>
File: ./img/img53.png Graphic file (type png)
<use ./img/img53.png>
Package pdftex.def Info: ./img/img53.png  used on input line 278.
(pdftex.def)             Requested size: 170.71652pt x 265.82571pt.
<./img/img55.png, id=231, 663.22781pt x 528.47438pt>
File: ./img/img55.png Graphic file (type png)
<use ./img/img55.png>
Package pdftex.def Info: ./img/img55.png  used on input line 283.
(pdftex.def)             Requested size: 369.88582pt x 294.73405pt.
File: ./img/logo.png Graphic file (type png)
<use ./img/logo.png>
Package pdftex.def Info: ./img/logo.png  used on input line 284.
(pdftex.def)             Requested size: 28.45274pt x 38.37714pt.


Package fancyhdr Warning: \headheight is too small (12.0pt): 
(fancyhdr)                Make it at least 24.54048pt, for example:
(fancyhdr)                \setlength{\headheight}{24.54048pt}.
(fancyhdr)                You might also make \topmargin smaller to compensate:
(fancyhdr)                \addtolength{\topmargin}{-12.54048pt}.

[13 <./img/img52.png> <./img/img53.png>]
<./img/img57.png, id=242, 270.25969pt x 207.02344pt>
File: ./img/img57.png Graphic file (type png)
<use ./img/img57.png>
Package pdftex.def Info: ./img/img57.png  used on input line 288.
(pdftex.def)             Requested size: 142.26378pt x 108.97954pt.
<./img/img59.png, id=243, 264.23718pt x 213.79875pt>
File: ./img/img59.png Graphic file (type png)
<use ./img/img59.png>
Package pdftex.def Info: ./img/img59.png  used on input line 293.
(pdftex.def)             Requested size: 142.26378pt x 115.10706pt.
File: ./img/logo.png Graphic file (type png)
<use ./img/logo.png>
Package pdftex.def Info: ./img/logo.png  used on input line 294.
(pdftex.def)             Requested size: 28.45274pt x 38.37714pt.


Package fancyhdr Warning: \headheight is too small (12.0pt): 
(fancyhdr)                Make it at least 24.54048pt, for example:
(fancyhdr)                \setlength{\headheight}{24.54048pt}.
(fancyhdr)                You might also make \topmargin smaller to compensate:
(fancyhdr)                \addtolength{\topmargin}{-12.54048pt}.

[14 <./img/img55.png> <./img/img57.png>]
<./img/img61.png, id=255, 996.72375pt x 184.43906pt>
File: ./img/img61.png Graphic file (type png)
<use ./img/img61.png>
Package pdftex.def Info: ./img/img61.png  used on input line 298.
(pdftex.def)             Requested size: 369.88582pt x 68.444pt.
<./img/img63.png, id=256, 260.47313pt x 143.03438pt>
File: ./img/img63.png Graphic file (type png)
<use ./img/img63.png>
Package pdftex.def Info: ./img/img63.png  used on input line 303.
(pdftex.def)             Requested size: 142.26378pt x 78.12132pt.
<./img/img64.png, id=257, 637.63219pt x 336.50719pt>
File: ./img/img64.png Graphic file (type png)
<use ./img/img64.png>
Package pdftex.def Info: ./img/img64.png  used on input line 307.
(pdftex.def)             Requested size: 369.88582pt x 195.2051pt.
File: ./img/logo.png Graphic file (type png)
<use ./img/logo.png>
Package pdftex.def Info: ./img/logo.png  used on input line 308.
(pdftex.def)             Requested size: 28.45274pt x 38.37714pt.


Package fancyhdr Warning: \headheight is too small (12.0pt): 
(fancyhdr)                Make it at least 24.54048pt, for example:
(fancyhdr)                \setlength{\headheight}{24.54048pt}.
(fancyhdr)                You might also make \topmargin smaller to compensate:
(fancyhdr)                \addtolength{\topmargin}{-12.54048pt}.

[15 <./img/img59.png> <./img/img61.png> <./img/img63.png>]
<./img/img69.png, id=270, 450.9347pt x 196.48407pt>
File: ./img/img69.png Graphic file (type png)
<use ./img/img69.png>
Package pdftex.def Info: ./img/img69.png  used on input line 315.
(pdftex.def)             Requested size: 369.88582pt x 161.17793pt.
<./img/img70.png, id=271, 791.20593pt x 149.05687pt>
File: ./img/img70.png Graphic file (type png)
<use ./img/img70.png>
Package pdftex.def Info: ./img/img70.png  used on input line 319.
(pdftex.def)             Requested size: 170.71652pt x 32.16031pt.
<./img/img71.png, id=272, 523.20468pt x 467.49657pt>
File: ./img/img71.png Graphic file (type png)
<use ./img/img71.png>
Package pdftex.def Info: ./img/img71.png  used on input line 323.
(pdftex.def)             Requested size: 369.88582pt x 330.50533pt.
File: ./img/logo.png Graphic file (type png)
<use ./img/logo.png>
Package pdftex.def Info: ./img/logo.png  used on input line 324.
(pdftex.def)             Requested size: 28.45274pt x 38.37714pt.


Package fancyhdr Warning: \headheight is too small (12.0pt): 
(fancyhdr)                Make it at least 24.54048pt, for example:
(fancyhdr)                \setlength{\headheight}{24.54048pt}.
(fancyhdr)                You might also make \topmargin smaller to compensate:
(fancyhdr)                \addtolength{\topmargin}{-12.54048pt}.

[16 <./img/img64.png> <./img/img69.png> <./img/img70.png>]
<./img/img72.png, id=287, 523.9575pt x 468.24937pt>
File: ./img/img72.png Graphic file (type png)
<use ./img/img72.png>
Package pdftex.def Info: ./img/img72.png  used on input line 327.
(pdftex.def)             Requested size: 369.88582pt x 330.56596pt.
File: ./img/logo.png Graphic file (type png)
<use ./img/logo.png>
Package pdftex.def Info: ./img/logo.png  used on input line 328.
(pdftex.def)             Requested size: 28.45274pt x 38.37714pt.


Package fancyhdr Warning: \headheight is too small (12.0pt): 
(fancyhdr)                Make it at least 24.54048pt, for example:
(fancyhdr)                \setlength{\headheight}{24.54048pt}.
(fancyhdr)                You might also make \topmargin smaller to compensate:
(fancyhdr)                \addtolength{\topmargin}{-12.54048pt}.

[17 <./img/img71.png>]
<./img/img73.png, id=294, 316.18124pt x 255.20343pt>
File: ./img/img73.png Graphic file (type png)
<use ./img/img73.png>
Package pdftex.def Info: ./img/img73.png  used on input line 331.
(pdftex.def)             Requested size: 227.62204pt x 183.72685pt.
File: ./img/logo.png Graphic file (type png)
<use ./img/logo.png>
Package pdftex.def Info: ./img/logo.png  used on input line 336.
(pdftex.def)             Requested size: 28.45274pt x 38.37714pt.


Package fancyhdr Warning: \headheight is too small (12.0pt): 
(fancyhdr)                Make it at least 24.54048pt, for example:
(fancyhdr)                \setlength{\headheight}{24.54048pt}.
(fancyhdr)                You might also make \topmargin smaller to compensate:
(fancyhdr)                \addtolength{\topmargin}{-12.54048pt}.

[18 <./img/img72.png> <./img/img73.png>]
<./img/img76.png, id=305, 250.68657pt x 394.47375pt>
File: ./img/img76.png Graphic file (type png)
<use ./img/img76.png>
Package pdftex.def Info: ./img/img76.png  used on input line 337.
(pdftex.def)             Requested size: 142.26378pt x 223.87125pt.
<./img/img78.png, id=306, 207.77625pt x 417.81094pt>
File: ./img/img78.png Graphic file (type png)
<use ./img/img78.png>
Package pdftex.def Info: ./img/img78.png  used on input line 347.
(pdftex.def)             Requested size: 142.26378pt x 286.08401pt.
File: ./img/logo.png Graphic file (type png)
<use ./img/logo.png>
Package pdftex.def Info: ./img/logo.png  used on input line 348.
(pdftex.def)             Requested size: 28.45274pt x 38.37714pt.


Package fancyhdr Warning: \headheight is too small (12.0pt): 
(fancyhdr)                Make it at least 24.54048pt, for example:
(fancyhdr)                \setlength{\headheight}{24.54048pt}.
(fancyhdr)                You might also make \topmargin smaller to compensate:
(fancyhdr)                \addtolength{\topmargin}{-12.54048pt}.

[19 <./img/img76.png>]
<./img/img79.png, id=315, 289.08pt x 275.52937pt>
File: ./img/img79.png Graphic file (type png)
<use ./img/img79.png>
Package pdftex.def Info: ./img/img79.png  used on input line 351.
(pdftex.def)             Requested size: 142.26378pt x 135.59496pt.
<./img/img80.png, id=316, 277.035pt x 321.45094pt>
File: ./img/img80.png Graphic file (type png)
<use ./img/img80.png>
Package pdftex.def Info: ./img/img80.png  used on input line 355.
(pdftex.def)             Requested size: 142.26378pt x 165.07085pt.
File: ./img/logo.png Graphic file (type png)
<use ./img/logo.png>
Package pdftex.def Info: ./img/logo.png  used on input line 356.
(pdftex.def)             Requested size: 28.45274pt x 38.37714pt.


Package fancyhdr Warning: \headheight is too small (12.0pt): 
(fancyhdr)                Make it at least 24.54048pt, for example:
(fancyhdr)                \setlength{\headheight}{24.54048pt}.
(fancyhdr)                You might also make \topmargin smaller to compensate:
(fancyhdr)                \addtolength{\topmargin}{-12.54048pt}.

[20 <./img/img78.png> <./img/img79.png>]
<./img/img81.png, id=325, 170.88844pt x 413.29407pt>
File: ./img/img81.png Graphic file (type png)
<use ./img/img81.png>
Package pdftex.def Info: ./img/img81.png  used on input line 359.
(pdftex.def)             Requested size: 170.71652pt x 412.90836pt.
File: ./img/logo.png Graphic file (type png)
<use ./img/logo.png>
Package pdftex.def Info: ./img/logo.png  used on input line 363.
(pdftex.def)             Requested size: 28.45274pt x 38.37714pt.


Package fancyhdr Warning: \headheight is too small (12.0pt): 
(fancyhdr)                Make it at least 24.54048pt, for example:
(fancyhdr)                \setlength{\headheight}{24.54048pt}.
(fancyhdr)                You might also make \topmargin smaller to compensate:
(fancyhdr)                \addtolength{\topmargin}{-12.54048pt}.

[21 <./img/img80.png> <./img/img81.png>]
<./img/img84.png, id=334, 1053.1847pt x 275.52937pt>
File: ./img/img84.png Graphic file (type png)
<use ./img/img84.png>
Package pdftex.def Info: ./img/img84.png  used on input line 365.
(pdftex.def)             Requested size: 369.88582pt x 96.76884pt.
<./img/img87.png, id=335, 448.67625pt x 328.22626pt>
File: ./img/img87.png Graphic file (type png)
<use ./img/img87.png>
Package pdftex.def Info: ./img/img87.png  used on input line 371.
(pdftex.def)             Requested size: 170.71652pt x 124.88252pt.
<./img/img89.png, id=336, 1463.4675pt x 435.12563pt>
File: ./img/img89.png Graphic file (type png)
<use ./img/img89.png>
Package pdftex.def Info: ./img/img89.png  used on input line 376.
(pdftex.def)             Requested size: 369.88582pt x 109.97624pt.
<./img/img90.png, id=337, 1431.09656pt x 463.7325pt>
File: ./img/img90.png Graphic file (type png)
<use ./img/img90.png>
Package pdftex.def Info: ./img/img90.png  used on input line 380.
(pdftex.def)             Requested size: 369.88582pt x 119.86pt.
File: ./img/logo.png Graphic file (type png)
<use ./img/logo.png>
Package pdftex.def Info: ./img/logo.png  used on input line 381.
(pdftex.def)             Requested size: 28.45274pt x 38.37714pt.


Package fancyhdr Warning: \headheight is too small (12.0pt): 
(fancyhdr)                Make it at least 24.54048pt, for example:
(fancyhdr)                \setlength{\headheight}{24.54048pt}.
(fancyhdr)                You might also make \topmargin smaller to compensate:
(fancyhdr)                \addtolength{\topmargin}{-12.54048pt}.

[22 <./img/img84.png> <./img/img87.png> <./img/img89.png>]
<./img/img94.png, id=353, 249.18094pt x 326.72063pt>
File: ./img/img94.png Graphic file (type png)
<use ./img/img94.png>
Package pdftex.def Info: ./img/img94.png  used on input line 386.
(pdftex.def)             Requested size: 170.71652pt x 223.84714pt.
<./img/img96.png, id=354, 173.14688pt x 378.66469pt>
File: ./img/img96.png Graphic file (type png)
<use ./img/img96.png>
Package pdftex.def Info: ./img/img96.png  used on input line 391.
(pdftex.def)             Requested size: 142.26378pt x 311.13107pt.
File: ./img/logo.png Graphic file (type png)
<use ./img/logo.png>
Package pdftex.def Info: ./img/logo.png  used on input line 392.
(pdftex.def)             Requested size: 28.45274pt x 38.37714pt.


Package fancyhdr Warning: \headheight is too small (12.0pt): 
(fancyhdr)                Make it at least 24.54048pt, for example:
(fancyhdr)                \setlength{\headheight}{24.54048pt}.
(fancyhdr)                You might also make \topmargin smaller to compensate:
(fancyhdr)                \addtolength{\topmargin}{-12.54048pt}.

[23 <./img/img90.png> <./img/img94.png>]
<./img/img99.png, id=366, 201.75375pt x 246.9225pt>
File: ./img/img99.png Graphic file (type png)
<use ./img/img99.png>
Package pdftex.def Info: ./img/img99.png  used on input line 397.
(pdftex.def)             Requested size: 170.71652pt x 208.93939pt.
<./img/img100.png, id=367, 307.90031pt x 299.61937pt>
File: ./img/img100.png Graphic file (type png)
<use ./img/img100.png>
Package pdftex.def Info: ./img/img100.png  used on input line 401.
(pdftex.def)             Requested size: 369.88582pt x 359.96205pt.
File: ./img/logo.png Graphic file (type png)
<use ./img/logo.png>
Package pdftex.def Info: ./img/logo.png  used on input line 402.
(pdftex.def)             Requested size: 28.45274pt x 38.37714pt.


Package fancyhdr Warning: \headheight is too small (12.0pt): 
(fancyhdr)                Make it at least 24.54048pt, for example:
(fancyhdr)                \setlength{\headheight}{24.54048pt}.
(fancyhdr)                You might also make \topmargin smaller to compensate:
(fancyhdr)                \addtolength{\topmargin}{-12.54048pt}.

[24 <./img/img96.png> <./img/img99.png>]
<./img/img104.png, id=379, 1199.23032pt x 450.9347pt>
File: ./img/img104.png Graphic file (type png)
<use ./img/img104.png>
Package pdftex.def Info: ./img/img104.png  used on input line 408.
(pdftex.def)             Requested size: 369.88582pt x 139.07959pt.
<./img/img106.png, id=380, 185.19188pt x 220.57407pt>
File: ./img/img106.png Graphic file (type png)
<use ./img/img106.png>
Package pdftex.def Info: ./img/img106.png  used on input line 413.
(pdftex.def)             Requested size: 170.71652pt x 203.33447pt.
File: ./img/logo.png Graphic file (type png)
<use ./img/logo.png>
Package pdftex.def Info: ./img/logo.png  used on input line 414.
(pdftex.def)             Requested size: 28.45274pt x 38.37714pt.


Package fancyhdr Warning: \headheight is too small (12.0pt): 
(fancyhdr)                Make it at least 24.54048pt, for example:
(fancyhdr)                \setlength{\headheight}{24.54048pt}.
(fancyhdr)                You might also make \topmargin smaller to compensate:
(fancyhdr)                \addtolength{\topmargin}{-12.54048pt}.

[25 <./img/img100.png> <./img/img104.png>]
<./img/img110.png, id=392, 242.40562pt x 319.94531pt>
File: ./img/img110.png Graphic file (type png)
<use ./img/img110.png>
Package pdftex.def Info: ./img/img110.png  used on input line 420.
(pdftex.def)             Requested size: 227.62204pt x 300.44594pt.
<./img/img111.png, id=393, 219.06844pt x 225.09094pt>
File: ./img/img111.png Graphic file (type png)
<use ./img/img111.png>
Package pdftex.def Info: ./img/img111.png  used on input line 424.
(pdftex.def)             Requested size: 170.71652pt x 175.41222pt.
File: ./img/logo.png Graphic file (type png)
<use ./img/logo.png>
Package pdftex.def Info: ./img/logo.png  used on input line 425.
(pdftex.def)             Requested size: 28.45274pt x 38.37714pt.


Package fancyhdr Warning: \headheight is too small (12.0pt): 
(fancyhdr)                Make it at least 24.54048pt, for example:
(fancyhdr)                \setlength{\headheight}{24.54048pt}.
(fancyhdr)                You might also make \topmargin smaller to compensate:
(fancyhdr)                \addtolength{\topmargin}{-12.54048pt}.

[26 <./img/img106.png> <./img/img110.png>]
<./img/img114.png, id=405, 204.765pt x 323.70938pt>
File: ./img/img114.png Graphic file (type png)
<use ./img/img114.png>
Package pdftex.def Info: ./img/img114.png  used on input line 430.
(pdftex.def)             Requested size: 170.71652pt x 269.89874pt.
<./img/img117.png, id=406, 1011.02719pt x 566.86781pt>
File: ./img/img117.png Graphic file (type png)
<use ./img/img117.png>
Package pdftex.def Info: ./img/img117.png  used on input line 436.
(pdftex.def)             Requested size: 369.88582pt x 207.39374pt.
File: ./img/logo.png Graphic file (type png)
<use ./img/logo.png>
Package pdftex.def Info: ./img/logo.png  used on input line 437.
(pdftex.def)             Requested size: 28.45274pt x 38.37714pt.


Package fancyhdr Warning: \headheight is too small (12.0pt): 
(fancyhdr)                Make it at least 24.54048pt, for example:
(fancyhdr)                \setlength{\headheight}{24.54048pt}.
(fancyhdr)                You might also make \topmargin smaller to compensate:
(fancyhdr)                \addtolength{\topmargin}{-12.54048pt}.

[27 <./img/img111.png> <./img/img114.png>]
<./img/img119.png, id=420, 206.27063pt x 94.85437pt>
File: ./img/img119.png Graphic file (type png)
<use ./img/img119.png>
Package pdftex.def Info: ./img/img119.png  used on input line 445.
(pdftex.def)             Requested size: 170.71652pt x 78.5062pt.
<./img/img121.png, id=421, 1114.1625pt x 508.90125pt>
File: ./img/img121.png Graphic file (type png)
<use ./img/img121.png>
Package pdftex.def Info: ./img/img121.png  used on input line 450.
(pdftex.def)             Requested size: 369.88582pt x 168.9474pt.
<./img/img122.png, id=422, 802.49812pt x 492.33937pt>
File: ./img/img122.png Graphic file (type png)
<use ./img/img122.png>
Package pdftex.def Info: ./img/img122.png  used on input line 454.
(pdftex.def)             Requested size: 369.88582pt x 226.9296pt.
File: ./img/logo.png Graphic file (type png)
<use ./img/logo.png>
Package pdftex.def Info: ./img/logo.png  used on input line 455.
(pdftex.def)             Requested size: 28.45274pt x 38.37714pt.


Package fancyhdr Warning: \headheight is too small (12.0pt): 
(fancyhdr)                Make it at least 24.54048pt, for example:
(fancyhdr)                \setlength{\headheight}{24.54048pt}.
(fancyhdr)                You might also make \topmargin smaller to compensate:
(fancyhdr)                \addtolength{\topmargin}{-12.54048pt}.

[28 <./img/img117.png> <./img/img119.png> <./img/img121.png>]
<./img/img126.png, id=434, 1445.4pt x 572.89032pt>
File: ./img/img126.png Graphic file (type png)
<use ./img/img126.png>
Package pdftex.def Info: ./img/img126.png  used on input line 461.
(pdftex.def)             Requested size: 369.88582pt x 146.60522pt.
<./img/img128.png, id=435, 173.89969pt x 189.70876pt>
File: ./img/img128.png Graphic file (type png)
<use ./img/img128.png>
Package pdftex.def Info: ./img/img128.png  used on input line 466.
(pdftex.def)             Requested size: 170.71652pt x 186.2433pt.
File: ./img/logo.png Graphic file (type png)
<use ./img/logo.png>
Package pdftex.def Info: ./img/logo.png  used on input line 467.
(pdftex.def)             Requested size: 28.45274pt x 38.37714pt.


Package fancyhdr Warning: \headheight is too small (12.0pt): 
(fancyhdr)                Make it at least 24.54048pt, for example:
(fancyhdr)                \setlength{\headheight}{24.54048pt}.
(fancyhdr)                You might also make \topmargin smaller to compensate:
(fancyhdr)                \addtolength{\topmargin}{-12.54048pt}.

[29 <./img/img122.png> <./img/img126.png>]
<./img/img129.png, id=449, 712.91344pt x 306.39468pt>
File: ./img/img129.png Graphic file (type png)
<use ./img/img129.png>
Package pdftex.def Info: ./img/img129.png  used on input line 470.
(pdftex.def)             Requested size: 369.88582pt x 158.96616pt.
<./img/img130.png, id=450, 706.13812pt x 306.39468pt>
File: ./img/img130.png Graphic file (type png)
<use ./img/img130.png>
Package pdftex.def Info: ./img/img130.png  used on input line 474.
(pdftex.def)             Requested size: 369.88582pt x 160.49495pt.
<./img/img132.png, id=451, 562.35094pt x 118.19156pt>
File: ./img/img132.png Graphic file (type png)
<use ./img/img132.png>
Package pdftex.def Info: ./img/img132.png  used on input line 479.
(pdftex.def)             Requested size: 369.88582pt x 77.73975pt.
File: ./img/logo.png Graphic file (type png)
<use ./img/logo.png>
Package pdftex.def Info: ./img/logo.png  used on input line 480.
(pdftex.def)             Requested size: 28.45274pt x 38.37714pt.


Package fancyhdr Warning: \headheight is too small (12.0pt): 
(fancyhdr)                Make it at least 24.54048pt, for example:
(fancyhdr)                \setlength{\headheight}{24.54048pt}.
(fancyhdr)                You might also make \topmargin smaller to compensate:
(fancyhdr)                \addtolength{\topmargin}{-12.54048pt}.

[30 <./img/img128.png> <./img/img129.png> <./img/img130.png>]
File: ./img/logo.png Graphic file (type png)
<use ./img/logo.png>
Package pdftex.def Info: ./img/logo.png  used on input line 486.
(pdftex.def)             Requested size: 28.45274pt x 38.37714pt.


Package fancyhdr Warning: \headheight is too small (12.0pt): 
(fancyhdr)                Make it at least 24.54048pt, for example:
(fancyhdr)                \setlength{\headheight}{24.54048pt}.
(fancyhdr)                You might also make \topmargin smaller to compensate:
(fancyhdr)                \addtolength{\topmargin}{-12.54048pt}.

[31 <./img/img132.png>]
File: ./img/logo.png Graphic file (type png)
<use ./img/logo.png>
Package pdftex.def Info: ./img/logo.png  used on input line 493.
(pdftex.def)             Requested size: 28.45274pt x 38.37714pt.


Package fancyhdr Warning: \headheight is too small (12.0pt): 
(fancyhdr)                Make it at least 24.54048pt, for example:
(fancyhdr)                \setlength{\headheight}{24.54048pt}.
(fancyhdr)                You might also make \topmargin smaller to compensate:
(fancyhdr)                \addtolength{\topmargin}{-12.54048pt}.

[32]
Overfull \hbox (197.01619pt too wide) in paragraph at lines 498--500
\OT1/phv/m/n/12 Recuperado de [][]$\OT1/cmtt/m/n/12 https : / / code . likeagirl . io / analisis-[]y-[]visualizacion-[]de-[]datos-[]con-[]pandas-[]matplotlib-[]85ee4d7b4cad$[][] 
 []


Overfull \hbox (83.86613pt too wide) in paragraph at lines 500--502
\OT1/phv/m/n/12 Recuperado de [][]$\OT1/cmtt/m/n/12 https : / / www . analyticslane . com / 2018 / 07 / 20 / visualizacion-[]de-[]datos-[]con-[]seaborn/$[][] 
 []


Overfull \hbox (8.7661pt too wide) in paragraph at lines 502--504
\OT1/phv/m/n/12 Recuperado de [][]$\OT1/cmtt/m/n/12 https : / / docs . microsoft . com / es-[]es / sql / machine-[]learning / tutorials /
 []


Overfull \hbox (125.59116pt too wide) in paragraph at lines 504--506
\OT1/phv/m/n/12 Recuperado de [][]$\OT1/cmtt/m/n/12 http : / / www . scielo . org . pe / scielo . php ? script = sci _ arttext & pid = S1726-[]46342019000100019 &
 []

File: ./img/logo.png Graphic file (type png)
<use ./img/logo.png>
Package pdftex.def Info: ./img/logo.png  used on input line 509.
(pdftex.def)             Requested size: 28.45274pt x 38.37714pt.

Package fancyhdr Warning: \headheight is too small (12.0pt): 
(fancyhdr)                Make it at least 24.54048pt, for example:
(fancyhdr)                \setlength{\headheight}{24.54048pt}.
(fancyhdr)                You might also make \topmargin smaller to compensate:
(fancyhdr)                \addtolength{\topmargin}{-12.54048pt}.

[33] (c:\Users\abrah\OneDrive\Documents\Code\latex\L03_Lipa_Calabilla\build\Informe.aux
LaTeX Info: Redefining \. on input line 25.
LaTeX Info: Redefining \% on input line 25.
 (c:\Users\abrah\OneDrive\Documents\Code\latex\L03_Lipa_Calabilla\build\Secciones/articulo.aux))
Package rerunfilecheck Info: File `Informe.out' has not changed.
(rerunfilecheck)             Checksum: 0BD52BC42B7C69511599AEAC651545F4;857.
 ) 
Here is how much of TeX's memory you used:
 9417 strings out of 480185
 139619 string characters out of 2889015
 477578 words of memory out of 3000000
 25582 multiletter control sequences out of 15000+200000
 550243 words of font info for 57 fonts, out of 3000000 for 9000
 1141 hyphenation exceptions out of 8191
 60i,17n,66p,526b,557s stack positions out of 5000i,500n,10000p,200000b,50000s
{C:/Program Files/MiKTeX/fonts/enc/dvips/base/8r.enc}<C:/Program Files/MiKTeX/fonts/type1/public/amsfonts/cm/cmr12.pfb><C:/Program Files/MiKTeX/fonts/type1/public/amsfonts/cm/cmsy10.pfb><C:/Program Files/MiKTeX/fonts/type1/public/amsfonts/cm/cmtt12.pfb><C:/Program Files/MiKTeX/fonts/type1/urw/helvetic/uhvb8a.pfb><C:/Program Files/MiKTeX/fonts/type1/urw/helvetic/uhvr8a.pfb>
Output written on c:\Users\abrah\OneDrive\Documents\Code\latex\L03_Lipa_Calabilla\build\Informe.pdf (34 pages, 3909383 bytes).
PDF statistics:
 546 PDF objects out of 1000 (max. 8388607)
 182 named destinations out of 1000 (max. 500000)
 425 words of extra memory for PDF output out of 10000 (max. 10000000)

